DDI-MedLine.d62.s4|DDI-MedLine.d62.s4.e0|DDI-MedLine.d62.s4.e3|mechanism
DDI-MedLine.d59.s4|DDI-MedLine.d59.s4.e0|DDI-MedLine.d59.s4.e1|effect
DDI-MedLine.d47.s4|DDI-MedLine.d47.s4.e0|DDI-MedLine.d47.s4.e1|effect
DDI-MedLine.d47.s4|DDI-MedLine.d47.s4.e0|DDI-MedLine.d47.s4.e2|effect
DDI-MedLine.d74.s5|DDI-MedLine.d74.s5.e0|DDI-MedLine.d74.s5.e2|effect
DDI-MedLine.d1.s5|DDI-MedLine.d1.s5.e0|DDI-MedLine.d1.s5.e1|advise
DDI-MedLine.d132.s4|DDI-MedLine.d132.s4.e1|DDI-MedLine.d132.s4.e3|mechanism
DDI-MedLine.d132.s10|DDI-MedLine.d132.s10.e0|DDI-MedLine.d132.s10.e1|effect
DDI-MedLine.d23.s0|DDI-MedLine.d23.s0.e1|DDI-MedLine.d23.s0.e2|effect
DDI-MedLine.d23.s1|DDI-MedLine.d23.s1.e0|DDI-MedLine.d23.s1.e7|effect
DDI-MedLine.d23.s1|DDI-MedLine.d23.s1.e2|DDI-MedLine.d23.s1.e7|effect
DDI-MedLine.d23.s1|DDI-MedLine.d23.s1.e3|DDI-MedLine.d23.s1.e7|effect
DDI-MedLine.d23.s1|DDI-MedLine.d23.s1.e4|DDI-MedLine.d23.s1.e7|effect
DDI-MedLine.d118.s2|DDI-MedLine.d118.s2.e0|DDI-MedLine.d118.s2.e1|effect
DDI-MedLine.d185.s0|DDI-MedLine.d185.s0.e0|DDI-MedLine.d185.s0.e2|effect
DDI-MedLine.d164.s0|DDI-MedLine.d164.s0.e0|DDI-MedLine.d164.s0.e1|effect
DDI-MedLine.d164.s2|DDI-MedLine.d164.s2.e0|DDI-MedLine.d164.s2.e1|effect
DDI-MedLine.d164.s2|DDI-MedLine.d164.s2.e0|DDI-MedLine.d164.s2.e2|int
DDI-MedLine.d164.s5|DDI-MedLine.d164.s5.e0|DDI-MedLine.d164.s5.e2|mechanism
DDI-MedLine.d164.s5|DDI-MedLine.d164.s5.e1|DDI-MedLine.d164.s5.e2|effect
DDI-MedLine.d73.s4|DDI-MedLine.d73.s4.e0|DDI-MedLine.d73.s4.e2|effect
DDI-DrugBank.d8.s0|DDI-DrugBank.d8.s0.e0|DDI-DrugBank.d8.s0.e1|effect
DDI-DrugBank.d8.s0|DDI-DrugBank.d8.s0.e0|DDI-DrugBank.d8.s0.e2|effect
DDI-DrugBank.d8.s0|DDI-DrugBank.d8.s0.e0|DDI-DrugBank.d8.s0.e3|effect
DDI-DrugBank.d8.s0|DDI-DrugBank.d8.s0.e0|DDI-DrugBank.d8.s0.e4|effect
DDI-DrugBank.d8.s0|DDI-DrugBank.d8.s0.e0|DDI-DrugBank.d8.s0.e5|effect
DDI-DrugBank.d8.s3|DDI-DrugBank.d8.s3.e0|DDI-DrugBank.d8.s3.e1|effect
DDI-DrugBank.d8.s3|DDI-DrugBank.d8.s3.e1|DDI-DrugBank.d8.s3.e2|mechanism
DDI-DrugBank.d8.s3|DDI-DrugBank.d8.s3.e1|DDI-DrugBank.d8.s3.e3|mechanism
DDI-DrugBank.d8.s3|DDI-DrugBank.d8.s3.e1|DDI-DrugBank.d8.s3.e4|mechanism
DDI-DrugBank.d8.s4|DDI-DrugBank.d8.s4.e0|DDI-DrugBank.d8.s4.e1|effect
DDI-DrugBank.d416.s0|DDI-DrugBank.d416.s0.e0|DDI-DrugBank.d416.s0.e1|effect
DDI-DrugBank.d22.s0|DDI-DrugBank.d22.s0.e0|DDI-DrugBank.d22.s0.e2|mechanism
DDI-DrugBank.d22.s0|DDI-DrugBank.d22.s0.e0|DDI-DrugBank.d22.s0.e3|effect
DDI-DrugBank.d22.s2|DDI-DrugBank.d22.s2.e0|DDI-DrugBank.d22.s2.e1|effect
DDI-DrugBank.d318.s0|DDI-DrugBank.d318.s0.e0|DDI-DrugBank.d318.s0.e1|effect
DDI-DrugBank.d318.s8|DDI-DrugBank.d318.s8.e2|DDI-DrugBank.d318.s8.e6|advise
DDI-DrugBank.d318.s8|DDI-DrugBank.d318.s8.e2|DDI-DrugBank.d318.s8.e7|effect
DDI-DrugBank.d318.s8|DDI-DrugBank.d318.s8.e2|DDI-DrugBank.d318.s8.e8|advise
DDI-DrugBank.d318.s8|DDI-DrugBank.d318.s8.e7|DDI-DrugBank.d318.s8.e8|effect
DDI-DrugBank.d357.s3|DDI-DrugBank.d357.s3.e1|DDI-DrugBank.d357.s3.e5|advise
DDI-DrugBank.d357.s3|DDI-DrugBank.d357.s3.e2|DDI-DrugBank.d357.s3.e5|advise
DDI-DrugBank.d357.s3|DDI-DrugBank.d357.s3.e3|DDI-DrugBank.d357.s3.e9|effect
DDI-DrugBank.d357.s3|DDI-DrugBank.d357.s3.e8|DDI-DrugBank.d357.s3.e9|effect
DDI-DrugBank.d357.s4|DDI-DrugBank.d357.s4.e0|DDI-DrugBank.d357.s4.e1|effect
DDI-DrugBank.d509.s0|DDI-DrugBank.d509.s0.e1|DDI-DrugBank.d509.s0.e2|advise
DDI-DrugBank.d509.s8|DDI-DrugBank.d509.s8.e0|DDI-DrugBank.d509.s8.e4|effect
DDI-DrugBank.d509.s8|DDI-DrugBank.d509.s8.e3|DDI-DrugBank.d509.s8.e4|mechanism
DDI-DrugBank.d73.s2|DDI-DrugBank.d73.s2.e0|DDI-DrugBank.d73.s2.e1|effect
DDI-DrugBank.d73.s3|DDI-DrugBank.d73.s3.e0|DDI-DrugBank.d73.s3.e1|effect
DDI-DrugBank.d73.s6|DDI-DrugBank.d73.s6.e0|DDI-DrugBank.d73.s6.e1|effect
DDI-DrugBank.d489.s5|DDI-DrugBank.d489.s5.e0|DDI-DrugBank.d489.s5.e1|effect
DDI-DrugBank.d497.s0|DDI-DrugBank.d497.s0.e0|DDI-DrugBank.d497.s0.e2|effect
DDI-DrugBank.d153.s0|DDI-DrugBank.d153.s0.e1|DDI-DrugBank.d153.s0.e3|effect
DDI-DrugBank.d153.s0|DDI-DrugBank.d153.s0.e1|DDI-DrugBank.d153.s0.e4|effect
DDI-DrugBank.d153.s0|DDI-DrugBank.d153.s0.e2|DDI-DrugBank.d153.s0.e3|effect
DDI-DrugBank.d153.s0|DDI-DrugBank.d153.s0.e2|DDI-DrugBank.d153.s0.e4|effect
DDI-DrugBank.d153.s4|DDI-DrugBank.d153.s4.e0|DDI-DrugBank.d153.s4.e2|effect
DDI-DrugBank.d153.s4|DDI-DrugBank.d153.s4.e1|DDI-DrugBank.d153.s4.e2|effect
DDI-DrugBank.d213.s0|DDI-DrugBank.d213.s0.e0|DDI-DrugBank.d213.s0.e2|effect
DDI-DrugBank.d213.s0|DDI-DrugBank.d213.s0.e0|DDI-DrugBank.d213.s0.e4|effect
DDI-DrugBank.d213.s3|DDI-DrugBank.d213.s3.e0|DDI-DrugBank.d213.s3.e1|effect
DDI-DrugBank.d213.s3|DDI-DrugBank.d213.s3.e0|DDI-DrugBank.d213.s3.e2|effect
DDI-DrugBank.d269.s4|DDI-DrugBank.d269.s4.e1|DDI-DrugBank.d269.s4.e2|effect
DDI-DrugBank.d269.s14|DDI-DrugBank.d269.s14.e0|DDI-DrugBank.d269.s14.e1|mechanism
DDI-DrugBank.d269.s18|DDI-DrugBank.d269.s18.e2|DDI-DrugBank.d269.s18.e3|effect
DDI-DrugBank.d172.s10|DDI-DrugBank.d172.s10.e0|DDI-DrugBank.d172.s10.e1|effect
DDI-DrugBank.d172.s11|DDI-DrugBank.d172.s11.e1|DDI-DrugBank.d172.s11.e2|effect
DDI-DrugBank.d172.s11|DDI-DrugBank.d172.s11.e1|DDI-DrugBank.d172.s11.e3|effect
DDI-DrugBank.d287.s0|DDI-DrugBank.d287.s0.e0|DDI-DrugBank.d287.s0.e1|advise
DDI-DrugBank.d110.s0|DDI-DrugBank.d110.s0.e1|DDI-DrugBank.d110.s0.e3|effect
DDI-DrugBank.d110.s0|DDI-DrugBank.d110.s0.e2|DDI-DrugBank.d110.s0.e3|effect
DDI-DrugBank.d429.s0|DDI-DrugBank.d429.s0.e2|DDI-DrugBank.d429.s0.e4|mechanism
DDI-DrugBank.d429.s0|DDI-DrugBank.d429.s0.e3|DDI-DrugBank.d429.s0.e4|effect
DDI-DrugBank.d429.s2|DDI-DrugBank.d429.s2.e1|DDI-DrugBank.d429.s2.e2|mechanism
DDI-DrugBank.d446.s0|DDI-DrugBank.d446.s0.e0|DDI-DrugBank.d446.s0.e3|int
DDI-DrugBank.d446.s0|DDI-DrugBank.d446.s0.e0|DDI-DrugBank.d446.s0.e4|int
DDI-DrugBank.d446.s0|DDI-DrugBank.d446.s0.e0|DDI-DrugBank.d446.s0.e5|int
DDI-DrugBank.d446.s0|DDI-DrugBank.d446.s0.e0|DDI-DrugBank.d446.s0.e6|int
DDI-DrugBank.d446.s0|DDI-DrugBank.d446.s0.e0|DDI-DrugBank.d446.s0.e8|int
DDI-DrugBank.d446.s0|DDI-DrugBank.d446.s0.e0|DDI-DrugBank.d446.s0.e9|int
DDI-DrugBank.d446.s0|DDI-DrugBank.d446.s0.e0|DDI-DrugBank.d446.s0.e10|int
DDI-DrugBank.d446.s0|DDI-DrugBank.d446.s0.e0|DDI-DrugBank.d446.s0.e11|int
DDI-DrugBank.d446.s0|DDI-DrugBank.d446.s0.e0|DDI-DrugBank.d446.s0.e12|int
DDI-DrugBank.d446.s0|DDI-DrugBank.d446.s0.e0|DDI-DrugBank.d446.s0.e13|int
DDI-DrugBank.d245.s0|DDI-DrugBank.d245.s0.e0|DDI-DrugBank.d245.s0.e2|effect
DDI-DrugBank.d245.s0|DDI-DrugBank.d245.s0.e0|DDI-DrugBank.d245.s0.e3|effect
DDI-DrugBank.d245.s0|DDI-DrugBank.d245.s0.e0|DDI-DrugBank.d245.s0.e5|effect
DDI-DrugBank.d245.s0|DDI-DrugBank.d245.s0.e0|DDI-DrugBank.d245.s0.e6|effect
DDI-DrugBank.d245.s0|DDI-DrugBank.d245.s0.e0|DDI-DrugBank.d245.s0.e7|effect
DDI-DrugBank.d245.s0|DDI-DrugBank.d245.s0.e0|DDI-DrugBank.d245.s0.e8|effect
DDI-DrugBank.d245.s7|DDI-DrugBank.d245.s7.e0|DDI-DrugBank.d245.s7.e1|effect
DDI-DrugBank.d171.s0|DDI-DrugBank.d171.s0.e0|DDI-DrugBank.d171.s0.e1|mechanism
DDI-DrugBank.d237.s2|DDI-DrugBank.d237.s2.e3|DDI-DrugBank.d237.s2.e4|mechanism
DDI-DrugBank.d237.s2|DDI-DrugBank.d237.s2.e3|DDI-DrugBank.d237.s2.e5|mechanism
DDI-DrugBank.d237.s3|DDI-DrugBank.d237.s3.e2|DDI-DrugBank.d237.s3.e4|effect
DDI-DrugBank.d237.s6|DDI-DrugBank.d237.s6.e1|DDI-DrugBank.d237.s6.e2|mechanism
DDI-DrugBank.d237.s7|DDI-DrugBank.d237.s7.e3|DDI-DrugBank.d237.s7.e4|mechanism
DDI-DrugBank.d237.s7|DDI-DrugBank.d237.s7.e3|DDI-DrugBank.d237.s7.e5|mechanism
DDI-DrugBank.d237.s8|DDI-DrugBank.d237.s8.e0|DDI-DrugBank.d237.s8.e1|mechanism
DDI-DrugBank.d237.s8|DDI-DrugBank.d237.s8.e0|DDI-DrugBank.d237.s8.e2|mechanism
DDI-DrugBank.d237.s12|DDI-DrugBank.d237.s12.e2|DDI-DrugBank.d237.s12.e3|mechanism
DDI-DrugBank.d237.s12|DDI-DrugBank.d237.s12.e2|DDI-DrugBank.d237.s12.e4|mechanism
DDI-DrugBank.d237.s14|DDI-DrugBank.d237.s14.e0|DDI-DrugBank.d237.s14.e4|advise
DDI-DrugBank.d250.s3|DDI-DrugBank.d250.s3.e0|DDI-DrugBank.d250.s3.e1|effect
DDI-DrugBank.d439.s0|DDI-DrugBank.d439.s0.e0|DDI-DrugBank.d439.s0.e1|effect
DDI-DrugBank.d69.s0|DDI-DrugBank.d69.s0.e0|DDI-DrugBank.d69.s0.e1|effect
DDI-DrugBank.d197.s1|DDI-DrugBank.d197.s1.e4|DDI-DrugBank.d197.s1.e5|effect
DDI-DrugBank.d197.s1|DDI-DrugBank.d197.s1.e4|DDI-DrugBank.d197.s1.e6|effect
DDI-DrugBank.d19.s9|DDI-DrugBank.d19.s9.e0|DDI-DrugBank.d19.s9.e2|mechanism
DDI-DrugBank.d19.s9|DDI-DrugBank.d19.s9.e2|DDI-DrugBank.d19.s9.e3|mechanism
DDI-DrugBank.d223.s16|DDI-DrugBank.d223.s16.e2|DDI-DrugBank.d223.s16.e3|effect
DDI-DrugBank.d44.s1|DDI-DrugBank.d44.s1.e0|DDI-DrugBank.d44.s1.e1|advise
DDI-DrugBank.d107.s0|DDI-DrugBank.d107.s0.e0|DDI-DrugBank.d107.s0.e1|effect
DDI-DrugBank.d107.s0|DDI-DrugBank.d107.s0.e0|DDI-DrugBank.d107.s0.e2|effect
DDI-DrugBank.d107.s3|DDI-DrugBank.d107.s3.e0|DDI-DrugBank.d107.s3.e2|effect
DDI-DrugBank.d107.s3|DDI-DrugBank.d107.s3.e1|DDI-DrugBank.d107.s3.e2|effect
DDI-DrugBank.d107.s4|DDI-DrugBank.d107.s4.e1|DDI-DrugBank.d107.s4.e2|effect
DDI-DrugBank.d107.s6|DDI-DrugBank.d107.s6.e0|DDI-DrugBank.d107.s6.e2|advise
DDI-DrugBank.d107.s8|DDI-DrugBank.d107.s8.e0|DDI-DrugBank.d107.s8.e1|effect
DDI-DrugBank.d107.s9|DDI-DrugBank.d107.s9.e0|DDI-DrugBank.d107.s9.e1|effect
DDI-DrugBank.d107.s10|DDI-DrugBank.d107.s10.e0|DDI-DrugBank.d107.s10.e2|effect
DDI-DrugBank.d107.s10|DDI-DrugBank.d107.s10.e0|DDI-DrugBank.d107.s10.e3|effect
DDI-DrugBank.d107.s10|DDI-DrugBank.d107.s10.e0|DDI-DrugBank.d107.s10.e5|effect
DDI-DrugBank.d107.s10|DDI-DrugBank.d107.s10.e0|DDI-DrugBank.d107.s10.e6|effect
DDI-DrugBank.d107.s10|DDI-DrugBank.d107.s10.e1|DDI-DrugBank.d107.s10.e3|effect
DDI-DrugBank.d107.s10|DDI-DrugBank.d107.s10.e1|DDI-DrugBank.d107.s10.e5|effect
DDI-DrugBank.d107.s12|DDI-DrugBank.d107.s12.e0|DDI-DrugBank.d107.s12.e2|effect
DDI-DrugBank.d107.s16|DDI-DrugBank.d107.s16.e2|DDI-DrugBank.d107.s16.e3|effect
DDI-DrugBank.d395.s3|DDI-DrugBank.d395.s3.e0|DDI-DrugBank.d395.s3.e1|mechanism
DDI-DrugBank.d395.s3|DDI-DrugBank.d395.s3.e0|DDI-DrugBank.d395.s3.e2|mechanism
DDI-DrugBank.d395.s9|DDI-DrugBank.d395.s9.e1|DDI-DrugBank.d395.s9.e3|effect
DDI-DrugBank.d395.s17|DDI-DrugBank.d395.s17.e2|DDI-DrugBank.d395.s17.e3|mechanism
DDI-DrugBank.d395.s21|DDI-DrugBank.d395.s21.e0|DDI-DrugBank.d395.s21.e1|mechanism
DDI-DrugBank.d395.s23|DDI-DrugBank.d395.s23.e1|DDI-DrugBank.d395.s23.e3|effect
DDI-DrugBank.d241.s0|DDI-DrugBank.d241.s0.e0|DDI-DrugBank.d241.s0.e1|effect
DDI-DrugBank.d359.s1|DDI-DrugBank.d359.s1.e0|DDI-DrugBank.d359.s1.e2|advise
DDI-DrugBank.d219.s0|DDI-DrugBank.d219.s0.e1|DDI-DrugBank.d219.s0.e2|effect
DDI-DrugBank.d219.s1|DDI-DrugBank.d219.s1.e0|DDI-DrugBank.d219.s1.e1|effect
DDI-DrugBank.d219.s11|DDI-DrugBank.d219.s11.e0|DDI-DrugBank.d219.s11.e1|effect
DDI-DrugBank.d219.s11|DDI-DrugBank.d219.s11.e0|DDI-DrugBank.d219.s11.e2|effect
DDI-DrugBank.d219.s15|DDI-DrugBank.d219.s15.e1|DDI-DrugBank.d219.s15.e2|mechanism
DDI-DrugBank.d219.s15|DDI-DrugBank.d219.s15.e1|DDI-DrugBank.d219.s15.e3|mechanism
DDI-DrugBank.d104.s0|DDI-DrugBank.d104.s0.e0|DDI-DrugBank.d104.s0.e1|effect
DDI-DrugBank.d104.s0|DDI-DrugBank.d104.s0.e0|DDI-DrugBank.d104.s0.e3|effect
DDI-DrugBank.d104.s0|DDI-DrugBank.d104.s0.e0|DDI-DrugBank.d104.s0.e4|effect
DDI-DrugBank.d104.s1|DDI-DrugBank.d104.s1.e0|DDI-DrugBank.d104.s1.e1|advise
DDI-DrugBank.d776.s4|DDI-DrugBank.d776.s4.e0|DDI-DrugBank.d776.s4.e1|effect
DDI-DrugBank.d776.s4|DDI-DrugBank.d776.s4.e0|DDI-DrugBank.d776.s4.e2|effect
DDI-DrugBank.d776.s4|DDI-DrugBank.d776.s4.e0|DDI-DrugBank.d776.s4.e3|effect
DDI-DrugBank.d776.s7|DDI-DrugBank.d776.s7.e1|DDI-DrugBank.d776.s7.e2|effect
DDI-DrugBank.d776.s10|DDI-DrugBank.d776.s10.e1|DDI-DrugBank.d776.s10.e2|mechanism
DDI-DrugBank.d776.s11|DDI-DrugBank.d776.s11.e0|DDI-DrugBank.d776.s11.e2|mechanism
DDI-DrugBank.d776.s13|DDI-DrugBank.d776.s13.e1|DDI-DrugBank.d776.s13.e2|mechanism
DDI-DrugBank.d776.s14|DDI-DrugBank.d776.s14.e0|DDI-DrugBank.d776.s14.e2|mechanism
DDI-DrugBank.d776.s16|DDI-DrugBank.d776.s16.e1|DDI-DrugBank.d776.s16.e2|effect
DDI-DrugBank.d776.s18|DDI-DrugBank.d776.s18.e1|DDI-DrugBank.d776.s18.e2|mechanism
DDI-DrugBank.d776.s20|DDI-DrugBank.d776.s20.e1|DDI-DrugBank.d776.s20.e2|effect
DDI-DrugBank.d776.s36|DDI-DrugBank.d776.s36.e0|DDI-DrugBank.d776.s36.e1|mechanism
DDI-DrugBank.d776.s37|DDI-DrugBank.d776.s37.e0|DDI-DrugBank.d776.s37.e1|effect
DDI-DrugBank.d776.s38|DDI-DrugBank.d776.s38.e0|DDI-DrugBank.d776.s38.e3|mechanism
DDI-DrugBank.d776.s41|DDI-DrugBank.d776.s41.e0|DDI-DrugBank.d776.s41.e5|mechanism
DDI-DrugBank.d78.s1|DDI-DrugBank.d78.s1.e8|DDI-DrugBank.d78.s1.e12|mechanism
DDI-DrugBank.d78.s1|DDI-DrugBank.d78.s1.e11|DDI-DrugBank.d78.s1.e12|mechanism
DDI-DrugBank.d78.s3|DDI-DrugBank.d78.s3.e2|DDI-DrugBank.d78.s3.e5|effect
DDI-DrugBank.d78.s3|DDI-DrugBank.d78.s3.e3|DDI-DrugBank.d78.s3.e4|mechanism
DDI-DrugBank.d78.s10|DDI-DrugBank.d78.s10.e0|DDI-DrugBank.d78.s10.e1|effect
DDI-DrugBank.d78.s10|DDI-DrugBank.d78.s10.e2|DDI-DrugBank.d78.s10.e3|effect
DDI-DrugBank.d78.s11|DDI-DrugBank.d78.s11.e2|DDI-DrugBank.d78.s11.e3|mechanism
DDI-DrugBank.d78.s14|DDI-DrugBank.d78.s14.e0|DDI-DrugBank.d78.s14.e1|mechanism
DDI-DrugBank.d186.s3|DDI-DrugBank.d186.s3.e1|DDI-DrugBank.d186.s3.e2|effect
DDI-DrugBank.d186.s3|DDI-DrugBank.d186.s3.e1|DDI-DrugBank.d186.s3.e3|effect
DDI-DrugBank.d186.s3|DDI-DrugBank.d186.s3.e1|DDI-DrugBank.d186.s3.e4|effect
DDI-DrugBank.d17.s12|DDI-DrugBank.d17.s12.e0|DDI-DrugBank.d17.s12.e1|effect
DDI-DrugBank.d17.s25|DDI-DrugBank.d17.s25.e0|DDI-DrugBank.d17.s25.e3|effect
DDI-DrugBank.d17.s28|DDI-DrugBank.d17.s28.e0|DDI-DrugBank.d17.s28.e1|effect
DDI-DrugBank.d17.s31|DDI-DrugBank.d17.s31.e0|DDI-DrugBank.d17.s31.e1|effect
DDI-DrugBank.d308.s0|DDI-DrugBank.d308.s0.e0|DDI-DrugBank.d308.s0.e3|effect
DDI-DrugBank.d308.s0|DDI-DrugBank.d308.s0.e0|DDI-DrugBank.d308.s0.e4|effect
DDI-DrugBank.d97.s47|DDI-DrugBank.d97.s47.e0|DDI-DrugBank.d97.s47.e1|mechanism
DDI-DrugBank.d227.s0|DDI-DrugBank.d227.s0.e0|DDI-DrugBank.d227.s0.e1|effect
DDI-DrugBank.d227.s0|DDI-DrugBank.d227.s0.e0|DDI-DrugBank.d227.s0.e2|effect
DDI-DrugBank.d163.s10|DDI-DrugBank.d163.s10.e1|DDI-DrugBank.d163.s10.e2|mechanism
DDI-DrugBank.d95.s0|DDI-DrugBank.d95.s0.e1|DDI-DrugBank.d95.s0.e2|effect
DDI-DrugBank.d95.s1|DDI-DrugBank.d95.s1.e1|DDI-DrugBank.d95.s1.e2|effect
DDI-DrugBank.d530.s3|DDI-DrugBank.d530.s3.e1|DDI-DrugBank.d530.s3.e2|effect
DDI-DrugBank.d320.s0|DDI-DrugBank.d320.s0.e0|DDI-DrugBank.d320.s0.e1|advise
DDI-DrugBank.d320.s6|DDI-DrugBank.d320.s6.e0|DDI-DrugBank.d320.s6.e1|effect
DDI-DrugBank.d454.s0|DDI-DrugBank.d454.s0.e0|DDI-DrugBank.d454.s0.e1|effect
DDI-DrugBank.d454.s0|DDI-DrugBank.d454.s0.e0|DDI-DrugBank.d454.s0.e2|effect
DDI-DrugBank.d454.s0|DDI-DrugBank.d454.s0.e0|DDI-DrugBank.d454.s0.e3|effect
DDI-DrugBank.d454.s4|DDI-DrugBank.d454.s4.e0|DDI-DrugBank.d454.s4.e1|effect
DDI-DrugBank.d30.s1|DDI-DrugBank.d30.s1.e0|DDI-DrugBank.d30.s1.e1|mechanism
DDI-DrugBank.d30.s4|DDI-DrugBank.d30.s4.e0|DDI-DrugBank.d30.s4.e1|mechanism
DDI-DrugBank.d746.s0|DDI-DrugBank.d746.s0.e0|DDI-DrugBank.d746.s0.e2|effect
DDI-DrugBank.d746.s1|DDI-DrugBank.d746.s1.e1|DDI-DrugBank.d746.s1.e2|effect
DDI-DrugBank.d630.s1|DDI-DrugBank.d630.s1.e1|DDI-DrugBank.d630.s1.e3|effect
DDI-DrugBank.d756.s0|DDI-DrugBank.d756.s0.e0|DDI-DrugBank.d756.s0.e1|effect
DDI-DrugBank.d756.s0|DDI-DrugBank.d756.s0.e1|DDI-DrugBank.d756.s0.e2|effect
DDI-DrugBank.d756.s7|DDI-DrugBank.d756.s7.e0|DDI-DrugBank.d756.s7.e3|effect
DDI-DrugBank.d736.s3|DDI-DrugBank.d736.s3.e0|DDI-DrugBank.d736.s3.e1|effect
DDI-DrugBank.d736.s5|DDI-DrugBank.d736.s5.e0|DDI-DrugBank.d736.s5.e1|effect
DDI-DrugBank.d736.s7|DDI-DrugBank.d736.s7.e0|DDI-DrugBank.d736.s7.e1|effect
DDI-DrugBank.d706.s0|DDI-DrugBank.d706.s0.e0|DDI-DrugBank.d706.s0.e1|effect
DDI-DrugBank.d739.s6|DDI-DrugBank.d739.s6.e0|DDI-DrugBank.d739.s6.e1|effect
DDI-DrugBank.d739.s13|DDI-DrugBank.d739.s13.e0|DDI-DrugBank.d739.s13.e1|effect
DDI-DrugBank.d761.s0|DDI-DrugBank.d761.s0.e1|DDI-DrugBank.d761.s0.e4|effect
DDI-DrugBank.d671.s2|DDI-DrugBank.d671.s2.e0|DDI-DrugBank.d671.s2.e1|effect
DDI-DrugBank.d635.s0|DDI-DrugBank.d635.s0.e0|DDI-DrugBank.d635.s0.e1|advise
DDI-DrugBank.d737.s4|DDI-DrugBank.d737.s4.e1|DDI-DrugBank.d737.s4.e2|mechanism
DDI-DrugBank.d737.s5|DDI-DrugBank.d737.s5.e1|DDI-DrugBank.d737.s5.e2|mechanism
DDI-DrugBank.d737.s10|DDI-DrugBank.d737.s10.e1|DDI-DrugBank.d737.s10.e5|advise
DDI-DrugBank.d737.s10|DDI-DrugBank.d737.s10.e2|DDI-DrugBank.d737.s10.e5|advise
DDI-DrugBank.d737.s10|DDI-DrugBank.d737.s10.e3|DDI-DrugBank.d737.s10.e9|effect
DDI-DrugBank.d737.s10|DDI-DrugBank.d737.s10.e8|DDI-DrugBank.d737.s10.e9|effect
DDI-DrugBank.d632.s0|DDI-DrugBank.d632.s0.e2|DDI-DrugBank.d632.s0.e3|advise
DDI-DrugBank.d632.s6|DDI-DrugBank.d632.s6.e2|DDI-DrugBank.d632.s6.e3|effect
DDI-DrugBank.d734.s0|DDI-DrugBank.d734.s0.e0|DDI-DrugBank.d734.s0.e1|effect
DDI-DrugBank.d179.s1|DDI-DrugBank.d179.s1.e0|DDI-DrugBank.d179.s1.e1|int
DDI-DrugBank.d639.s2|DDI-DrugBank.d639.s2.e0|DDI-DrugBank.d639.s2.e8|mechanism
DDI-DrugBank.d723.s0|DDI-DrugBank.d723.s0.e1|DDI-DrugBank.d723.s0.e5|effect
DDI-DrugBank.d704.s4|DDI-DrugBank.d704.s4.e0|DDI-DrugBank.d704.s4.e1|mechanism
DDI-DrugBank.d658.s0|DDI-DrugBank.d658.s0.e0|DDI-DrugBank.d658.s0.e1|effect
DDI-DrugBank.d766.s3|DDI-DrugBank.d766.s3.e0|DDI-DrugBank.d766.s3.e4|mechanism
DDI-DrugBank.d766.s3|DDI-DrugBank.d766.s3.e1|DDI-DrugBank.d766.s3.e4|mechanism
DDI-DrugBank.d328.s8|DDI-DrugBank.d328.s8.e1|DDI-DrugBank.d328.s8.e2|effect
DDI-DrugBank.d328.s9|DDI-DrugBank.d328.s9.e0|DDI-DrugBank.d328.s9.e1|effect
DDI-DrugBank.d328.s10|DDI-DrugBank.d328.s10.e1|DDI-DrugBank.d328.s10.e2|effect
DDI-DrugBank.d328.s10|DDI-DrugBank.d328.s10.e1|DDI-DrugBank.d328.s10.e3|effect
DDI-DrugBank.d328.s24|DDI-DrugBank.d328.s24.e0|DDI-DrugBank.d328.s24.e1|mechanism
DDI-DrugBank.d328.s38|DDI-DrugBank.d328.s38.e0|DDI-DrugBank.d328.s38.e1|mechanism
